2025-09-23 18:19:13,279 P29560 INFO FuxiCTR version: 2.3.1
2025-09-23 18:19:13,280 P29560 INFO Params: {
    "batch_norm": "True",
    "batch_size": "4096",
    "concat_emb": "True",
    "data_block_size": "-1",
    "data_format": "csv",
    "data_root": "../../data/Criteo/",
    "dataset_id": "criteo_x1_7b681156",
    "debug": "False",
    "debug_mode": "False",
    "early_stop_patience": "2",
    "emb_activation": "relu",
    "embedding_dim": "10",
    "embedding_regularizer": "1e-05",
    "epochs": "100",
    "eval_steps": "None",
    "every_x_epochs": "1",
    "feature_cols": "[{'active': True, 'dtype': 'float', 'name': ['I1', 'I2', 'I3', 'I4', 'I5', 'I6', 'I7', 'I8', 'I9', 'I10', 'I11', 'I12', 'I13'], 'type': 'numeric'}, {'active': True, 'dtype': 'float', 'name': ['C1', 'C2', 'C3', 'C4', 'C5', 'C6', 'C7', 'C8', 'C9', 'C10', 'C11', 'C12', 'C13', 'C14', 'C15', 'C16', 'C17', 'C18', 'C19', 'C20', 'C21', 'C22', 'C23', 'C24', 'C25', 'C26'], 'type': 'categorical'}]",
    "feature_config": "None",
    "feature_specs": "None",
    "gamma": "0.1",
    "gpu": "0",
    "group_id": "None",
    "hidden_activations": "relu",
    "hidden_units": "[400, 400, 400]",
    "label_col": "{'dtype': 'float', 'name': 'label'}",
    "learning_rate": "0.001",
    "loss": "binary_crossentropy",
    "metrics": "['AUC', 'logloss']",
    "min_categr_count": "1",
    "model": "DeepFM",
    "model_id": "DeepFM_criteo_gen",
    "model_root": "./Criteo/DeepFM_criteo_x1/",
    "monitor": "AUC",
    "monitor_mode": "max",
    "net_dropout": "0.1",
    "net_regularizer": "0",
    "num_workers": "3",
    "optimizer": "adam",
    "patience": "2",
    "pickle_feature_encoder": "True",
    "rebuild_dataset": "True",
    "save_best_only": "True",
    "seed": "2021",
    "shuffle": "True",
    "small_transformation": "False",
    "symmetric": "False",
    "task": "binary_classification",
    "test_data": "../../data/Criteo/criteo_x1_7b681156/test.csv",
    "train_data": "../../data/Criteo/criteo_x1_7b681156/train.csv",
    "use_features": "None",
    "use_hdf5": "True",
    "valid_data": "../../data/Criteo/criteo_x1_7b681156/valid.csv",
    "verbose": "1"
}
2025-09-23 18:19:13,285 P29560 INFO Set up feature processor...
2025-09-23 18:19:13,285 P29560 WARNING Skip rebuilding ../../data/Criteo/criteo_x1_7b681156/feature_map.json. Please delete it manually if rebuilding is required.
2025-09-23 18:19:13,285 P29560 INFO Reading files: ../../data/Criteo/criteo_x1_7b681156/train.csv
2025-09-23 18:19:13,297 P29560 INFO Preprocess feature columns...
2025-09-23 18:19:13,357 P29560 INFO Fit feature processor...
2025-09-23 18:19:13,360 P29560 INFO Processing column: {'active': True, 'dtype': 'float', 'name': 'I1', 'type': 'numeric'}
2025-09-23 18:19:33,817 P29560 INFO Processing column: {'active': True, 'dtype': 'float', 'name': 'I2', 'type': 'numeric'}
2025-09-23 18:19:38,152 P29560 INFO Processing column: {'active': True, 'dtype': 'float', 'name': 'I3', 'type': 'numeric'}
2025-09-23 18:19:40,602 P29560 INFO Processing column: {'active': True, 'dtype': 'float', 'name': 'I4', 'type': 'numeric'}
2025-09-23 18:19:43,270 P29560 INFO Processing column: {'active': True, 'dtype': 'float', 'name': 'I5', 'type': 'numeric'}
2025-09-23 18:19:45,249 P29560 INFO Processing column: {'active': True, 'dtype': 'float', 'name': 'I6', 'type': 'numeric'}
2025-09-23 18:19:47,759 P29560 INFO Processing column: {'active': True, 'dtype': 'float', 'name': 'I7', 'type': 'numeric'}
2025-09-23 18:19:49,816 P29560 INFO Processing column: {'active': True, 'dtype': 'float', 'name': 'I8', 'type': 'numeric'}
2025-09-23 18:19:51,862 P29560 INFO Processing column: {'active': True, 'dtype': 'float', 'name': 'I9', 'type': 'numeric'}
2025-09-23 18:19:54,041 P29560 INFO Processing column: {'active': True, 'dtype': 'float', 'name': 'I10', 'type': 'numeric'}
2025-09-23 18:19:56,054 P29560 INFO Processing column: {'active': True, 'dtype': 'float', 'name': 'I11', 'type': 'numeric'}
2025-09-23 18:19:58,145 P29560 INFO Processing column: {'active': True, 'dtype': 'float', 'name': 'I12', 'type': 'numeric'}
2025-09-23 18:20:00,246 P29560 INFO Processing column: {'active': True, 'dtype': 'float', 'name': 'I13', 'type': 'numeric'}
2025-09-23 18:20:02,253 P29560 INFO Processing column: {'active': True, 'dtype': 'float', 'name': 'C1', 'type': 'categorical'}
2025-09-23 18:20:07,607 P29560 INFO Processing column: {'active': True, 'dtype': 'float', 'name': 'C2', 'type': 'categorical'}
2025-09-23 18:20:15,521 P29560 INFO Processing column: {'active': True, 'dtype': 'float', 'name': 'C3', 'type': 'categorical'}
2025-09-23 18:20:24,531 P29560 INFO Processing column: {'active': True, 'dtype': 'float', 'name': 'C4', 'type': 'categorical'}
2025-09-23 18:20:33,827 P29560 INFO Processing column: {'active': True, 'dtype': 'float', 'name': 'C5', 'type': 'categorical'}
2025-09-23 18:20:41,847 P29560 INFO Processing column: {'active': True, 'dtype': 'float', 'name': 'C6', 'type': 'categorical'}
2025-09-23 18:20:48,974 P29560 INFO Processing column: {'active': True, 'dtype': 'float', 'name': 'C7', 'type': 'categorical'}
2025-09-23 18:20:55,893 P29560 INFO Processing column: {'active': True, 'dtype': 'float', 'name': 'C8', 'type': 'categorical'}
2025-09-23 18:21:01,758 P29560 INFO Processing column: {'active': True, 'dtype': 'float', 'name': 'C9', 'type': 'categorical'}
2025-09-23 18:21:08,016 P29560 INFO Processing column: {'active': True, 'dtype': 'float', 'name': 'C10', 'type': 'categorical'}
2025-09-23 18:21:14,369 P29560 INFO Processing column: {'active': True, 'dtype': 'float', 'name': 'C11', 'type': 'categorical'}
2025-09-23 18:21:21,896 P29560 INFO Processing column: {'active': True, 'dtype': 'float', 'name': 'C12', 'type': 'categorical'}
2025-09-23 18:21:30,845 P29560 INFO Processing column: {'active': True, 'dtype': 'float', 'name': 'C13', 'type': 'categorical'}
2025-09-23 18:21:40,310 P29560 INFO Processing column: {'active': True, 'dtype': 'float', 'name': 'C14', 'type': 'categorical'}
2025-09-23 18:21:47,269 P29560 INFO Processing column: {'active': True, 'dtype': 'float', 'name': 'C15', 'type': 'categorical'}
2025-09-23 18:21:54,751 P29560 INFO Processing column: {'active': True, 'dtype': 'float', 'name': 'C16', 'type': 'categorical'}
2025-09-23 18:22:03,706 P29560 INFO Processing column: {'active': True, 'dtype': 'float', 'name': 'C17', 'type': 'categorical'}
2025-09-23 18:22:11,607 P29560 INFO Processing column: {'active': True, 'dtype': 'float', 'name': 'C18', 'type': 'categorical'}
2025-09-23 18:22:18,096 P29560 INFO Processing column: {'active': True, 'dtype': 'float', 'name': 'C19', 'type': 'categorical'}
2025-09-23 18:22:25,828 P29560 INFO Processing column: {'active': True, 'dtype': 'float', 'name': 'C20', 'type': 'categorical'}
2025-09-23 18:22:32,931 P29560 INFO Processing column: {'active': True, 'dtype': 'float', 'name': 'C21', 'type': 'categorical'}
2025-09-23 18:22:41,804 P29560 INFO Processing column: {'active': True, 'dtype': 'float', 'name': 'C22', 'type': 'categorical'}
2025-09-23 18:22:49,685 P29560 INFO Processing column: {'active': True, 'dtype': 'float', 'name': 'C23', 'type': 'categorical'}
2025-09-23 18:22:56,884 P29560 INFO Processing column: {'active': True, 'dtype': 'float', 'name': 'C24', 'type': 'categorical'}
2025-09-23 18:23:03,730 P29560 INFO Processing column: {'active': True, 'dtype': 'float', 'name': 'C25', 'type': 'categorical'}
2025-09-23 18:23:12,198 P29560 INFO Processing column: {'active': True, 'dtype': 'float', 'name': 'C26', 'type': 'categorical'}
2025-09-23 18:23:19,248 P29560 INFO Set column index...
2025-09-23 18:23:19,248 P29560 INFO Save feature_map to json: ../../data/Criteo/criteo_x1_7b681156/feature_map.json
2025-09-23 18:23:19,249 P29560 INFO Pickle feature_encode: ../../data/Criteo/criteo_x1_7b681156/feature_processor.pkl
2025-09-23 18:23:19,365 P29560 INFO Save feature_vocab to json: ../../data/Criteo/criteo_x1_7b681156/feature_vocab.json
2025-09-23 18:23:21,072 P29560 INFO Set feature processor done.
2025-09-23 18:23:39,674 P29560 INFO Transform feature columns to IDs...
2025-09-23 18:26:06,963 P29560 INFO Saving data to parquet: ../../data/Criteo/criteo_x1_7b681156/train.parquet
2025-09-23 18:26:25,466 P29560 INFO Reading files: ../../data/Criteo/criteo_x1_7b681156/valid.csv
2025-09-23 18:26:25,469 P29560 INFO Preprocess feature columns...
2025-09-23 18:26:30,744 P29560 INFO Transform feature columns to IDs...
2025-09-23 18:27:05,222 P29560 INFO Saving data to parquet: ../../data/Criteo/criteo_x1_7b681156/valid.parquet
2025-09-23 18:27:08,781 P29560 INFO Reading files: ../../data/Criteo/criteo_x1_7b681156/test.csv
2025-09-23 18:27:08,781 P29560 INFO Preprocess feature columns...
2025-09-23 18:27:10,938 P29560 INFO Transform feature columns to IDs...
2025-09-23 18:27:29,966 P29560 INFO Saving data to parquet: ../../data/Criteo/criteo_x1_7b681156/test.parquet
2025-09-23 18:27:31,997 P29560 INFO Transform csv data to parquet done.
2025-09-23 18:27:31,997 P29560 INFO Load feature_map from json: ../../data/Criteo/criteo_x1_7b681156/feature_map.json
2025-09-23 18:27:31,997 P29560 INFO Set column index...
2025-09-23 18:27:31,998 P29560 INFO Feature specs: {
    "C1": "{'source': '', 'type': 'categorical', 'padding_idx': 0, 'vocab_size': 1462}",
    "C10": "{'source': '', 'type': 'categorical', 'padding_idx': 0, 'vocab_size': 54712}",
    "C11": "{'source': '', 'type': 'categorical', 'padding_idx': 0, 'vocab_size': 5350}",
    "C12": "{'source': '', 'type': 'categorical', 'padding_idx': 0, 'vocab_size': 409749}",
    "C13": "{'source': '', 'type': 'categorical', 'padding_idx': 0, 'vocab_size': 3182}",
    "C14": "{'source': '', 'type': 'categorical', 'padding_idx': 0, 'vocab_size': 29}",
    "C15": "{'source': '', 'type': 'categorical', 'padding_idx': 0, 'vocab_size': 12500}",
    "C16": "{'source': '', 'type': 'categorical', 'padding_idx': 0, 'vocab_size': 365811}",
    "C17": "{'source': '', 'type': 'categorical', 'padding_idx': 0, 'vocab_size': 12}",
    "C18": "{'source': '', 'type': 'categorical', 'padding_idx': 0, 'vocab_size': 4934}",
    "C19": "{'source': '', 'type': 'categorical', 'padding_idx': 0, 'vocab_size': 2096}",
    "C2": "{'source': '', 'type': 'categorical', 'padding_idx': 0, 'vocab_size': 560}",
    "C20": "{'source': '', 'type': 'categorical', 'padding_idx': 0, 'vocab_size': 6}",
    "C21": "{'source': '', 'type': 'categorical', 'padding_idx': 0, 'vocab_size': 397981}",
    "C22": "{'source': '', 'type': 'categorical', 'padding_idx': 0, 'vocab_size': 20}",
    "C23": "{'source': '', 'type': 'categorical', 'padding_idx': 0, 'vocab_size': 17}",
    "C24": "{'source': '', 'type': 'categorical', 'padding_idx': 0, 'vocab_size': 88608}",
    "C25": "{'source': '', 'type': 'categorical', 'padding_idx': 0, 'vocab_size': 98}",
    "C26": "{'source': '', 'type': 'categorical', 'padding_idx': 0, 'vocab_size': 64073}",
    "C3": "{'source': '', 'type': 'categorical', 'padding_idx': 0, 'vocab_size': 413424}",
    "C4": "{'source': '', 'type': 'categorical', 'padding_idx': 0, 'vocab_size': 248543}",
    "C5": "{'source': '', 'type': 'categorical', 'padding_idx': 0, 'vocab_size': 307}",
    "C6": "{'source': '', 'type': 'categorical', 'padding_idx': 0, 'vocab_size': 23}",
    "C7": "{'source': '', 'type': 'categorical', 'padding_idx': 0, 'vocab_size': 12192}",
    "C8": "{'source': '', 'type': 'categorical', 'padding_idx': 0, 'vocab_size': 635}",
    "C9": "{'source': '', 'type': 'categorical', 'padding_idx': 0, 'vocab_size': 5}",
    "I1": "{'source': '', 'type': 'numeric'}",
    "I10": "{'source': '', 'type': 'numeric'}",
    "I11": "{'source': '', 'type': 'numeric'}",
    "I12": "{'source': '', 'type': 'numeric'}",
    "I13": "{'source': '', 'type': 'numeric'}",
    "I2": "{'source': '', 'type': 'numeric'}",
    "I3": "{'source': '', 'type': 'numeric'}",
    "I4": "{'source': '', 'type': 'numeric'}",
    "I5": "{'source': '', 'type': 'numeric'}",
    "I6": "{'source': '', 'type': 'numeric'}",
    "I7": "{'source': '', 'type': 'numeric'}",
    "I8": "{'source': '', 'type': 'numeric'}",
    "I9": "{'source': '', 'type': 'numeric'}"
}
2025-09-23 18:27:36,551 P29560 INFO Total number of parameters: 23581866.
2025-09-23 18:27:36,552 P29560 INFO Loading datasets...
2025-09-23 18:29:52,157 P29560 INFO Train samples: total/33003326, blocks/1
2025-09-23 18:29:57,393 P29560 INFO Validation samples: total/8250124, blocks/1
2025-09-23 18:29:57,395 P29560 INFO Loading train and validation data done.
2025-09-23 18:29:57,399 P29560 INFO Start training: 8058 batches/epoch
2025-09-23 18:29:57,399 P29560 INFO ************ Epoch=1 start ************
