2025-09-23 10:21:04,767 P91704 INFO FuxiCTR version: 2.3.1
2025-09-23 10:21:04,767 P91704 INFO Params: {
    "batch_norm": "False",
    "batch_size": "10000",
    "concat_emb": "False",
    "data_format": "csv",
    "data_root": "../../data/Avazu/",
    "dataset_id": "avazu_x4_3bbbc4c9",
    "debug": "False",
    "debug_mode": "False",
    "early_stop_patience": "2",
    "emb_activation": "linear",
    "embedding_dim": "16",
    "embedding_dropout": "0",
    "embedding_regularizer": "0",
    "epochs": "100",
    "eval_steps": "None",
    "every_x_epochs": "1",
    "feature_cols": "[{'active': False, 'dtype': 'str', 'name': 'id', 'type': 'categorical'}, {'active': True, 'dtype': 'str', 'name': 'hour', 'preprocess': 'convert_hour', 'type': 'categorical'}, {'active': True, 'dtype': 'str', 'name': ['C1', 'banner_pos', 'site_id', 'site_domain', 'site_category', 'app_id', 'app_domain', 'app_category', 'device_id', 'device_ip', 'device_model', 'device_type', 'device_conn_type', 'C14', 'C15', 'C16', 'C17', 'C18', 'C19', 'C20', 'C21'], 'type': 'categorical'}, {'active': True, 'dtype': 'str', 'name': 'weekday', 'preprocess': 'convert_weekday', 'type': 'categorical'}, {'active': True, 'dtype': 'str', 'name': 'weekend', 'preprocess': 'convert_weekend', 'type': 'categorical'}]",
    "feature_config": "None",
    "feature_specs": "None",
    "gamma": "1",
    "gpu": "0",
    "group_id": "None",
    "hidden_activations": "relu",
    "hidden_units": "[2000, 2000, 2000, 2000]",
    "label_col": "{'dtype': 'float', 'name': 'click'}",
    "learning_rate": "0.001",
    "loss": "binary_crossentropy",
    "metrics": "['logloss', 'AUC']",
    "min_categr_count": "2",
    "model": "DeepFM",
    "model_id": "DeepFM_avazu",
    "model_root": "./Avazu/DeepFM_avazu_x4_001/",
    "monitor": "{'AUC': 1, 'logloss': -1}",
    "monitor_mode": "max",
    "net_dropout": "0",
    "net_regularizer": "0",
    "num_workers": "3",
    "optimizer": "adam",
    "patience": "2",
    "pickle_feature_encoder": "True",
    "rebuild_dataset": "True",
    "save_best_only": "True",
    "seed": "2019",
    "shuffle": "True",
    "small_transformation": "False",
    "symmetric": "False",
    "task": "binary_classification",
    "test_data": "../../data/Avazu/avazu_x4_3bbbc4c9/test.csv",
    "train_data": "../../data/Avazu/avazu_x4_3bbbc4c9/train.csv",
    "use_features": "None",
    "use_hdf5": "True",
    "valid_data": "../../data/Avazu/avazu_x4_3bbbc4c9/valid.csv",
    "verbose": "1",
    "workers": "3"
}
2025-09-23 10:21:04,768 P91704 INFO Set up feature processor...
2025-09-23 10:21:04,768 P91704 WARNING Skip rebuilding ../../data/Avazu/avazu_x4_3bbbc4c9/feature_map.json. Please delete it manually if rebuilding is required.
2025-09-23 10:21:04,768 P91704 INFO Reading files: ../../data/Avazu/avazu_x4_3bbbc4c9/train.csv
2025-09-23 10:21:04,770 P91704 INFO Preprocess feature columns...
2025-09-23 10:21:04,775 P91704 INFO Fit feature processor...
2025-09-23 10:21:04,775 P91704 INFO Processing column: {'active': True, 'dtype': 'str', 'name': 'hour', 'preprocess': 'convert_hour', 'type': 'categorical'}
2025-09-23 10:21:18,217 P91704 INFO Processing column: {'active': True, 'dtype': 'str', 'name': 'C1', 'type': 'categorical'}
2025-09-23 10:21:23,543 P91704 INFO Processing column: {'active': True, 'dtype': 'str', 'name': 'banner_pos', 'type': 'categorical'}
2025-09-23 10:21:29,138 P91704 INFO Processing column: {'active': True, 'dtype': 'str', 'name': 'site_id', 'type': 'categorical'}
2025-09-23 10:21:34,670 P91704 INFO Processing column: {'active': True, 'dtype': 'str', 'name': 'site_domain', 'type': 'categorical'}
2025-09-23 10:21:40,238 P91704 INFO Processing column: {'active': True, 'dtype': 'str', 'name': 'site_category', 'type': 'categorical'}
2025-09-23 10:21:45,306 P91704 INFO Processing column: {'active': True, 'dtype': 'str', 'name': 'app_id', 'type': 'categorical'}
2025-09-23 10:21:50,352 P91704 INFO Processing column: {'active': True, 'dtype': 'str', 'name': 'app_domain', 'type': 'categorical'}
2025-09-23 10:21:55,040 P91704 INFO Processing column: {'active': True, 'dtype': 'str', 'name': 'app_category', 'type': 'categorical'}
2025-09-23 10:21:59,782 P91704 INFO Processing column: {'active': True, 'dtype': 'str', 'name': 'device_id', 'type': 'categorical'}
2025-09-23 10:22:11,618 P91704 INFO Processing column: {'active': True, 'dtype': 'str', 'name': 'device_ip', 'type': 'categorical'}
2025-09-23 10:22:46,283 P91704 INFO Processing column: {'active': True, 'dtype': 'str', 'name': 'device_model', 'type': 'categorical'}
2025-09-23 10:22:57,607 P91704 INFO Processing column: {'active': True, 'dtype': 'str', 'name': 'device_type', 'type': 'categorical'}
2025-09-23 10:23:03,773 P91704 INFO Processing column: {'active': True, 'dtype': 'str', 'name': 'device_conn_type', 'type': 'categorical'}
2025-09-23 10:23:09,407 P91704 INFO Processing column: {'active': True, 'dtype': 'str', 'name': 'C14', 'type': 'categorical'}
2025-09-23 10:23:15,627 P91704 INFO Processing column: {'active': True, 'dtype': 'str', 'name': 'C15', 'type': 'categorical'}
2025-09-23 10:23:21,766 P91704 INFO Processing column: {'active': True, 'dtype': 'str', 'name': 'C16', 'type': 'categorical'}
2025-09-23 10:23:27,831 P91704 INFO Processing column: {'active': True, 'dtype': 'str', 'name': 'C17', 'type': 'categorical'}
2025-09-23 10:23:33,872 P91704 INFO Processing column: {'active': True, 'dtype': 'str', 'name': 'C18', 'type': 'categorical'}
2025-09-23 10:23:40,321 P91704 INFO Processing column: {'active': True, 'dtype': 'str', 'name': 'C19', 'type': 'categorical'}
2025-09-23 10:23:46,853 P91704 INFO Processing column: {'active': True, 'dtype': 'str', 'name': 'C20', 'type': 'categorical'}
2025-09-23 10:23:53,114 P91704 INFO Processing column: {'active': True, 'dtype': 'str', 'name': 'C21', 'type': 'categorical'}
2025-09-23 10:23:59,906 P91704 INFO Processing column: {'active': True, 'dtype': 'str', 'name': 'weekday', 'preprocess': 'convert_weekday', 'type': 'categorical'}
2025-09-23 10:24:43,091 P91704 INFO Processing column: {'active': True, 'dtype': 'str', 'name': 'weekend', 'preprocess': 'convert_weekend', 'type': 'categorical'}
2025-09-23 10:25:28,189 P91704 INFO Set column index...
2025-09-23 10:25:28,189 P91704 INFO Save feature_map to json: ../../data/Avazu/avazu_x4_3bbbc4c9/feature_map.json
2025-09-23 10:25:28,190 P91704 INFO Pickle feature_encode: ../../data/Avazu/avazu_x4_3bbbc4c9/feature_processor.pkl
2025-09-23 10:25:29,368 P91704 INFO Save feature_vocab to json: ../../data/Avazu/avazu_x4_3bbbc4c9/feature_vocab.json
2025-09-23 10:25:32,893 P91704 INFO Set feature processor done.
2025-09-23 10:28:02,587 P91704 INFO Transform feature columns to IDs...
2025-09-23 10:30:06,062 P91704 INFO Saving data to parquet: ../../data/Avazu/avazu_x4_3bbbc4c9/train.parquet
2025-09-23 10:30:15,361 P91704 INFO Reading files: ../../data/Avazu/avazu_x4_3bbbc4c9/valid.csv
2025-09-23 10:30:15,365 P91704 INFO Preprocess feature columns...
2025-09-23 10:30:28,453 P91704 INFO Transform feature columns to IDs...
2025-09-23 10:30:43,299 P91704 INFO Saving data to parquet: ../../data/Avazu/avazu_x4_3bbbc4c9/valid.parquet
2025-09-23 10:30:44,374 P91704 INFO Reading files: ../../data/Avazu/avazu_x4_3bbbc4c9/test.csv
2025-09-23 10:30:44,374 P91704 INFO Preprocess feature columns...
2025-09-23 10:30:56,496 P91704 INFO Transform feature columns to IDs...
2025-09-23 10:31:11,351 P91704 INFO Saving data to parquet: ../../data/Avazu/avazu_x4_3bbbc4c9/test.parquet
2025-09-23 10:31:12,447 P91704 INFO Transform csv data to parquet done.
2025-09-23 10:31:12,447 P91704 INFO Load feature_map from json: ../../data/Avazu/avazu_x4_3bbbc4c9/feature_map.json
2025-09-23 10:31:12,448 P91704 INFO Set column index...
2025-09-23 10:31:12,448 P91704 INFO Feature specs: {
    "C1": "{'source': '', 'type': 'categorical', 'padding_idx': 0, 'vocab_size': 9}",
    "C14": "{'source': '', 'type': 'categorical', 'padding_idx': 0, 'vocab_size': 2556}",
    "C15": "{'source': '', 'type': 'categorical', 'padding_idx': 0, 'vocab_size': 10}",
    "C16": "{'source': '', 'type': 'categorical', 'padding_idx': 0, 'vocab_size': 11}",
    "C17": "{'source': '', 'type': 'categorical', 'padding_idx': 0, 'vocab_size': 434}",
    "C18": "{'source': '', 'type': 'categorical', 'padding_idx': 0, 'vocab_size': 6}",
    "C19": "{'source': '', 'type': 'categorical', 'padding_idx': 0, 'vocab_size': 70}",
    "C20": "{'source': '', 'type': 'categorical', 'padding_idx': 0, 'vocab_size': 173}",
    "C21": "{'source': '', 'type': 'categorical', 'padding_idx': 0, 'vocab_size': 62}",
    "app_category": "{'source': '', 'type': 'categorical', 'padding_idx': 0, 'vocab_size': 33}",
    "app_domain": "{'source': '', 'type': 'categorical', 'padding_idx': 0, 'vocab_size': 400}",
    "app_id": "{'source': '', 'type': 'categorical', 'padding_idx': 0, 'vocab_size': 6545}",
    "banner_pos": "{'source': '', 'type': 'categorical', 'padding_idx': 0, 'vocab_size': 9}",
    "device_conn_type": "{'source': '', 'type': 'categorical', 'padding_idx': 0, 'vocab_size': 6}",
    "device_id": "{'source': '', 'type': 'categorical', 'padding_idx': 0, 'vocab_size': 820509}",
    "device_ip": "{'source': '', 'type': 'categorical', 'padding_idx': 0, 'vocab_size': 2903322}",
    "device_model": "{'source': '', 'type': 'categorical', 'padding_idx': 0, 'vocab_size': 7259}",
    "device_type": "{'source': '', 'type': 'categorical', 'padding_idx': 0, 'vocab_size': 7}",
    "hour": "{'source': '', 'type': 'categorical', 'padding_idx': 0, 'vocab_size': 26}",
    "site_category": "{'source': '', 'type': 'categorical', 'padding_idx': 0, 'vocab_size': 27}",
    "site_domain": "{'source': '', 'type': 'categorical', 'padding_idx': 0, 'vocab_size': 5461}",
    "site_id": "{'source': '', 'type': 'categorical', 'padding_idx': 0, 'vocab_size': 4051}",
    "weekday": "{'source': '', 'type': 'categorical', 'padding_idx': 0, 'vocab_size': 9}",
    "weekend": "{'source': '', 'type': 'categorical', 'padding_idx': 0, 'vocab_size': 4}"
}
2025-09-23 10:31:15,250 P91704 INFO Total number of parameters: 76551131.
2025-09-23 10:31:15,251 P91704 INFO Loading datasets...
2025-09-23 10:32:01,031 P91704 INFO Train samples: total/32343172, blocks/1
2025-09-23 10:32:01,855 P91704 INFO Validation samples: total/4042897, blocks/1
2025-09-23 10:32:01,855 P91704 INFO Loading train and validation data done.
2025-09-23 10:32:01,856 P91704 INFO Start training: 3235 batches/epoch
2025-09-23 10:32:01,856 P91704 INFO ************ Epoch=1 start ************
2025-09-23 11:02:22,371 P91704 INFO Train loss: 0.379928
2025-09-23 11:02:22,397 P91704 INFO Evaluation @epoch 2 - batch 3235: 
2025-09-23 11:03:30,923 P91704 INFO [Metrics] AUC: 0.792716 - logloss: 0.372085
2025-09-23 11:03:30,926 P91704 INFO Save best model: monitor(max)=0.420631
2025-09-23 11:03:46,658 P91704 INFO ************ Epoch=2 end ************
2025-09-23 11:37:27,115 P91704 INFO Train loss: 0.332635
2025-09-23 11:37:27,123 P91704 INFO Evaluation @epoch 3 - batch 3235: 
2025-09-23 11:38:35,451 P91704 INFO [Metrics] AUC: 0.787433 - logloss: 0.381333
2025-09-23 11:38:35,454 P91704 INFO Monitor(max)=0.406100 STOP!
2025-09-23 11:38:35,454 P91704 INFO Reduce learning rate on plateau: 0.000100
2025-09-23 11:38:50,466 P91704 INFO ************ Epoch=3 end ************
2025-09-23 12:08:54,167 P91704 INFO Train loss: 0.291023
2025-09-23 12:08:54,172 P91704 INFO Evaluation @epoch 4 - batch 3235: 
2025-09-23 12:10:01,477 P91704 INFO [Metrics] AUC: 0.776423 - logloss: 0.424256
2025-09-23 12:10:01,480 P91704 INFO Monitor(max)=0.352167 STOP!
2025-09-23 12:10:01,480 P91704 INFO Reduce learning rate on plateau: 0.000010
2025-09-23 12:10:01,480 P91704 INFO ********* Epoch=4 early stop *********
2025-09-23 12:10:16,514 P91704 INFO Training finished.
2025-09-23 12:10:16,514 P91704 INFO Load best model: /Users/zhirong/GitHub/GE4Rec/model_zoo/DeepFM/Avazu/DeepFM_avazu_x4_001/avazu_x4_3bbbc4c9/DeepFM_avazu.model
2025-09-23 12:10:16,696 P91704 INFO ****** Validation evaluation ******
2025-09-23 12:11:21,196 P91704 INFO [Metrics] logloss: 0.372085 - AUC: 0.792716
2025-09-23 12:11:21,925 P91704 INFO ******** Test evaluation ********
2025-09-23 12:11:21,925 P91704 INFO Loading datasets...
2025-09-23 12:11:23,195 P91704 INFO Test samples: total/4042898, blocks/1
2025-09-23 12:11:23,195 P91704 INFO Loading test data done.
2025-09-23 12:12:28,156 P91704 INFO [Metrics] logloss: 0.371931 - AUC: 0.792921
